(x1,x2)
0:(-2,-2)
1:(-1,-1)
2:(0,0)
3:(0,1)
4:(0,2)
5:(0,3)
6:(0,4)
7:(0,5)
8:(0,6)
9:(0,7)
10:(1,0)
11:(1,1)
12:(1,2)
13:(1,3)
14:(1,4)
15:(1,5)
16:(1,6)
17:(1,7)
18:(2,0)
19:(2,1)
20:(2,2)
21:(2,3)
22:(2,4)
23:(2,5)
24:(2,6)
25:(2,7)
26:(3,0)
27:(3,1)
28:(3,2)
29:(3,3)
30:(3,4)
31:(3,5)
32:(3,6)
33:(3,7)
34:(4,0)
35:(4,1)
36:(4,2)
37:(4,3)
38:(4,4)
39:(4,5)
40:(4,6)
41:(4,7)
42:(5,0)
43:(5,1)
44:(5,2)
45:(5,3)
46:(5,4)
47:(5,5)
48:(5,6)
49:(5,7)
50:(6,0)
51:(6,1)
52:(6,2)
53:(6,3)
54:(6,4)
55:(6,5)
56:(6,6)
57:(6,7)
58:(7,0)
59:(7,1)
60:(7,2)
61:(7,3)
62:(7,4)
63:(7,5)
64:(7,6)
65:(7,7)